<?xml version="1.0" encoding="UTF-8"?>
<testng-results skipped="0" failed="0" ignored="0" total="1" passed="1">
  <reporter-output>
  </reporter-output>
  <suite name="Suite" duration-ms="32672" started-at="2018-02-19T13:12:34Z" finished-at="2018-02-19T13:13:07Z">
    <groups>
    </groups>
    <test name="Test" duration-ms="32672" started-at="2018-02-19T13:12:34Z" finished-at="2018-02-19T13:13:07Z">
      <class name="NewTest">
        <test-method status="PASS" signature="beforeTest()[pri:0, instance:NewTest@12cdcf4]" name="beforeTest" is-config="true" duration-ms="16768" started-at="2018-02-19T13:12:34Z" finished-at="2018-02-19T13:12:51Z">
          <reporter-output>
          </reporter-output>
        </test-method> <!-- beforeTest -->
        <test-method status="PASS" signature="testEasy()[pri:0, instance:NewTest@12cdcf4]" name="testEasy" duration-ms="8650" started-at="2018-02-19T13:12:51Z" finished-at="2018-02-19T13:13:00Z">
          <reporter-output>
          </reporter-output>
        </test-method> <!-- testEasy -->
        <test-method status="PASS" signature="afterTest()[pri:0, instance:NewTest@12cdcf4]" name="afterTest" is-config="true" duration-ms="7193" started-at="2018-02-19T13:13:00Z" finished-at="2018-02-19T13:13:07Z">
          <reporter-output>
          </reporter-output>
        </test-method> <!-- afterTest -->
      </class> <!-- NewTest -->
    </test> <!-- Test -->
  </suite> <!-- Suite -->
</testng-results>
